# JRE version: OpenJDK Runtime Environment Temurin-21.0.5+11 (21.0.5+11) (build 21.0.5+11-LTS)
# Java VM: OpenJDK 64-Bit Server VM Temurin-21.0.5+11 (21.0.5+11-LTS, mixed mode, sharing, tiered, compressed oops, compressed class ptrs, parallel gc, windows-amd64)
GC Precious Log:
 CardTable entry size: 512
 CPUs: 8 total, 8 available
 Memory: 12177M
 Large Page Support: Disabled
 NUMA Support: Disabled
 Compressed Oops: Enabled (32-bit)
 Alignments: Space 512K, Generation 512K, Heap 2M
 Heap Min Capacity: 100M
 Heap Initial Capacity: 100M
 Heap Max Capacity: 1G
 Pre-touch: Disabled
 Parallel Workers: 8
Heap:
 PSYoungGen      total 4608K, used 4406K [0x00000000eab00000, 0x00000000eb100000, 0x0000000100000000)
  eden space 4096K, 99% used [0x00000000eab00000,0x00000000eaefc2b8,0x00000000eaf00000)
  from space 512K, 63% used [0x00000000eb000000,0x00000000eb0516d0,0x00000000eb080000)
  to   space 512K, 0% used [0x00000000eb080000,0x00000000eb080000,0x00000000eb100000)
 ParOldGen       total 620544K, used 620322K [0x00000000c0000000, 0x00000000e5e00000, 0x00000000eab00000)
  object space 620544K, 99% used [0x00000000c0000000,0x00000000e5dc8950,0x00000000e5e00000)
 Metaspace       used 82570K, committed 84224K, reserved 1179648K
  class space    used 8653K, committed 9408K, reserved 1048576K
GC Heap History (20 events):
Event: 8428.044 GC heap before
{Heap before GC invocations=1529 (full 3):
 PSYoungGen      total 4608K, used 4288K [0x00000000eab00000, 0x00000000eb100000, 0x0000000100000000)
  eden space 4096K, 100% used [0x00000000eab00000,0x00000000eaf00000,0x00000000eaf00000)
  from space 512K, 37% used [0x00000000eb000000,0x00000000eb030000,0x00000000eb080000)
  to   space 512K, 0% used [0x00000000eb080000,0x00000000eb080000,0x00000000eb100000)
 ParOldGen       total 618496K, used 618258K [0x00000000c0000000, 0x00000000e5c00000, 0x00000000eab00000)
  object space 618496K, 99% used [0x00000000c0000000,0x00000000e5bc4988,0x00000000e5c00000)
 Metaspace       used 82570K, committed 84224K, reserved 1179648K
  class space    used 8653K, committed 9408K, reserved 1048576K
}
Event: 8428.047 GC heap after
{Heap after GC invocations=1529 (full 3):
 PSYoungGen      total 4608K, used 482K [0x00000000eab00000, 0x00000000eb100000, 0x0000000100000000)
  eden space 4096K, 0% used [0x00000000eab00000,0x00000000eab00000,0x00000000eaf00000)
  from space 512K, 94% used [0x00000000eb080000,0x00000000eb0f8928,0x00000000eb100000)
  to   space 1024K, 0% used [0x00000000eaf00000,0x00000000eaf00000,0x00000000eb000000)
 ParOldGen       total 618496K, used 618370K [0x00000000c0000000, 0x00000000e5c00000, 0x00000000eab00000)
  object space 618496K, 99% used [0x00000000c0000000,0x00000000e5be0988,0x00000000e5c00000)
 Metaspace       used 82570K, committed 84224K, reserved 1179648K
  class space    used 8653K, committed 9408K, reserved 1048576K
}
Event: 8428.061 GC heap before
{Heap before GC invocations=1530 (full 3):
 PSYoungGen      total 4608K, used 4570K [0x00000000eab00000, 0x00000000eb100000, 0x0000000100000000)
  eden space 4096K, 99% used [0x00000000eab00000,0x00000000eaefdf60,0x00000000eaf00000)
  from space 512K, 94% used [0x00000000eb080000,0x00000000eb0f8928,0x00000000eb100000)
  to   space 1024K, 0% used [0x00000000eaf00000,0x00000000eaf00000,0x00000000eb000000)
 ParOldGen       total 618496K, used 618370K [0x00000000c0000000, 0x00000000e5c00000, 0x00000000eab00000)
  object space 618496K, 99% used [0x00000000c0000000,0x00000000e5be0988,0x00000000e5c00000)
 Metaspace       used 82570K, committed 84224K, reserved 1179648K
  class space    used 8653K, committed 9408K, reserved 1048576K
}
Event: 8428.063 GC heap after
{Heap after GC invocations=1530 (full 3):
 PSYoungGen      total 5120K, used 338K [0x00000000eab00000, 0x00000000eb100000, 0x0000000100000000)
  eden space 4096K, 0% used [0x00000000eab00000,0x00000000eab00000,0x00000000eaf00000)
  from space 1024K, 33% used [0x00000000eaf00000,0x00000000eaf54b90,0x00000000eb000000)
  to   space 512K, 0% used [0x00000000eb080000,0x00000000eb080000,0x00000000eb100000)
 ParOldGen       total 619008K, used 618610K [0x00000000c0000000, 0x00000000e5c80000, 0x00000000eab00000)
  object space 619008K, 99% used [0x00000000c0000000,0x00000000e5c1c988,0x00000000e5c80000)
 Metaspace       used 82570K, committed 84224K, reserved 1179648K
  class space    used 8653K, committed 9408K, reserved 1048576K
}
Event: 8428.073 GC heap before
{Heap before GC invocations=1531 (full 3):
 PSYoungGen      total 5120K, used 4434K [0x00000000eab00000, 0x00000000eb100000, 0x0000000100000000)
  eden space 4096K, 100% used [0x00000000eab00000,0x00000000eaf00000,0x00000000eaf00000)
  from space 1024K, 33% used [0x00000000eaf00000,0x00000000eaf54b90,0x00000000eb000000)
  to   space 512K, 0% used [0x00000000eb080000,0x00000000eb080000,0x00000000eb100000)
 ParOldGen       total 619008K, used 618610K [0x00000000c0000000, 0x00000000e5c80000, 0x00000000eab00000)
  object space 619008K, 99% used [0x00000000c0000000,0x00000000e5c1c988,0x00000000e5c80000)
 Metaspace       used 82570K, committed 84224K, reserved 1179648K
  class space    used 8653K, committed 9408K, reserved 1048576K
}
Event: 8428.074 GC heap after
{Heap after GC invocations=1531 (full 3):
 PSYoungGen      total 4608K, used 482K [0x00000000eab00000, 0x00000000eb100000, 0x0000000100000000)
  eden space 4096K, 0% used [0x00000000eab00000,0x00000000eab00000,0x00000000eaf00000)
  from space 512K, 94% used [0x00000000eb080000,0x00000000eb0f8ae8,0x00000000eb100000)
  to   space 512K, 0% used [0x00000000eb000000,0x00000000eb000000,0x00000000eb080000)
 ParOldGen       total 619008K, used 618679K [0x00000000c0000000, 0x00000000e5c80000, 0x00000000eab00000)
  object space 619008K, 99% used [0x00000000c0000000,0x00000000e5c2df90,0x00000000e5c80000)
 Metaspace       used 82570K, committed 84224K, reserved 1179648K
  class space    used 8653K, committed 9408K, reserved 1048576K
}
Event: 8428.082 GC heap before
{Heap before GC invocations=1532 (full 3):
 PSYoungGen      total 4608K, used 4578K [0x00000000eab00000, 0x00000000eb100000, 0x0000000100000000)
  eden space 4096K, 100% used [0x00000000eab00000,0x00000000eaf00000,0x00000000eaf00000)
  from space 512K, 94% used [0x00000000eb080000,0x00000000eb0f8ae8,0x00000000eb100000)
  to   space 512K, 0% used [0x00000000eb000000,0x00000000eb000000,0x00000000eb080000)
 ParOldGen       total 619008K, used 618679K [0x00000000c0000000, 0x00000000e5c80000, 0x00000000eab00000)
  object space 619008K, 99% used [0x00000000c0000000,0x00000000e5c2df90,0x00000000e5c80000)
 Metaspace       used 82570K, committed 84224K, reserved 1179648K
  class space    used 8653K, committed 9408K, reserved 1048576K
}
Event: 8428.084 GC heap after
{Heap after GC invocations=1532 (full 3):
 PSYoungGen      total 4608K, used 352K [0x00000000eab00000, 0x00000000eb100000, 0x0000000100000000)
  eden space 4096K, 0% used [0x00000000eab00000,0x00000000eab00000,0x00000000eaf00000)
  from space 512K, 68% used [0x00000000eb000000,0x00000000eb058000,0x00000000eb080000)
  to   space 512K, 0% used [0x00000000eb080000,0x00000000eb080000,0x00000000eb100000)
 ParOldGen       total 619520K, used 619054K [0x00000000c0000000, 0x00000000e5d00000, 0x00000000eab00000)
  object space 619520K, 99% used [0x00000000c0000000,0x00000000e5c8b810,0x00000000e5d00000)
 Metaspace       used 82570K, committed 84224K, reserved 1179648K
  class space    used 8653K, committed 9408K, reserved 1048576K
}
Event: 8428.108 GC heap before
{Heap before GC invocations=1533 (full 3):
 PSYoungGen      total 4608K, used 4448K [0x00000000eab00000, 0x00000000eb100000, 0x0000000100000000)
  eden space 4096K, 100% used [0x00000000eab00000,0x00000000eaf00000,0x00000000eaf00000)
  from space 512K, 68% used [0x00000000eb000000,0x00000000eb058000,0x00000000eb080000)
  to   space 512K, 0% used [0x00000000eb080000,0x00000000eb080000,0x00000000eb100000)
 ParOldGen       total 619520K, used 619054K [0x00000000c0000000, 0x00000000e5d00000, 0x00000000eab00000)
  object space 619520K, 99% used [0x00000000c0000000,0x00000000e5c8b810,0x00000000e5d00000)
 Metaspace       used 82570K, committed 84224K, reserved 1179648K
  class space    used 8653K, committed 9408K, reserved 1048576K
}
Event: 8428.110 GC heap after
{Heap after GC invocations=1533 (full 3):
 PSYoungGen      total 4608K, used 160K [0x00000000eab00000, 0x00000000eb100000, 0x0000000100000000)
  eden space 4096K, 0% used [0x00000000eab00000,0x00000000eab00000,0x00000000eaf00000)
  from space 512K, 31% used [0x00000000eb080000,0x00000000eb0a8000,0x00000000eb100000)
  to   space 512K, 0% used [0x00000000eb000000,0x00000000eb000000,0x00000000eb080000)
 ParOldGen       total 619520K, used 619276K [0x00000000c0000000, 0x00000000e5d00000, 0x00000000eab00000)
  object space 619520K, 99% used [0x00000000c0000000,0x00000000e5cc3160,0x00000000e5d00000)
 Metaspace       used 82570K, committed 84224K, reserved 1179648K
  class space    used 8653K, committed 9408K, reserved 1048576K
}
Event: 8428.119 GC heap before
{Heap before GC invocations=1534 (full 3):
 PSYoungGen      total 4608K, used 4256K [0x00000000eab00000, 0x00000000eb100000, 0x0000000100000000)
  eden space 4096K, 100% used [0x00000000eab00000,0x00000000eaf00000,0x00000000eaf00000)
  from space 512K, 31% used [0x00000000eb080000,0x00000000eb0a8000,0x00000000eb100000)
  to   space 512K, 0% used [0x00000000eb000000,0x00000000eb000000,0x00000000eb080000)
 ParOldGen       total 619520K, used 619276K [0x00000000c0000000, 0x00000000e5d00000, 0x00000000eab00000)
  object space 619520K, 99% used [0x00000000c0000000,0x00000000e5cc3160,0x00000000e5d00000)
 Metaspace       used 82570K, committed 84224K, reserved 1179648K
  class space    used 8653K, committed 9408K, reserved 1048576K
}
Event: 8428.121 GC heap after
{Heap after GC invocations=1534 (full 3):
 PSYoungGen      total 4608K, used 379K [0x00000000eab00000, 0x00000000eb100000, 0x0000000100000000)
  eden space 4096K, 0% used [0x00000000eab00000,0x00000000eab00000,0x00000000eaf00000)
  from space 512K, 74% used [0x00000000eb000000,0x00000000eb05ec08,0x00000000eb080000)
  to   space 512K, 0% used [0x00000000eb080000,0x00000000eb080000,0x00000000eb100000)
 ParOldGen       total 619520K, used 619372K [0x00000000c0000000, 0x00000000e5d00000, 0x00000000eab00000)
  object space 619520K, 99% used [0x00000000c0000000,0x00000000e5cdb160,0x00000000e5d00000)
 Metaspace       used 82570K, committed 84224K, reserved 1179648K
  class space    used 8653K, committed 9408K, reserved 1048576K
}
Event: 8428.131 GC heap before
{Heap before GC invocations=1535 (full 3):
 PSYoungGen      total 4608K, used 4475K [0x00000000eab00000, 0x00000000eb100000, 0x0000000100000000)
  eden space 4096K, 100% used [0x00000000eab00000,0x00000000eaf00000,0x00000000eaf00000)
  from space 512K, 74% used [0x00000000eb000000,0x00000000eb05ec08,0x00000000eb080000)
  to   space 512K, 0% used [0x00000000eb080000,0x00000000eb080000,0x00000000eb100000)
 ParOldGen       total 619520K, used 619372K [0x00000000c0000000, 0x00000000e5d00000, 0x00000000eab00000)
  object space 619520K, 99% used [0x00000000c0000000,0x00000000e5cdb160,0x00000000e5d00000)
 Metaspace       used 82570K, committed 84224K, reserved 1179648K
  class space    used 8653K, committed 9408K, reserved 1048576K
}
Event: 8428.133 GC heap after
{Heap after GC invocations=1535 (full 3):
 PSYoungGen      total 4608K, used 499K [0x00000000eab00000, 0x00000000eb100000, 0x0000000100000000)
  eden space 4096K, 0% used [0x00000000eab00000,0x00000000eab00000,0x00000000eaf00000)
  from space 512K, 97% used [0x00000000eb080000,0x00000000eb0fcdf8,0x00000000eb100000)
  to   space 1024K, 0% used [0x00000000eaf00000,0x00000000eaf00000,0x00000000eb000000)
 ParOldGen       total 620032K, used 619615K [0x00000000c0000000, 0x00000000e5d80000, 0x00000000eab00000)
  object space 620032K, 99% used [0x00000000c0000000,0x00000000e5d17d68,0x00000000e5d80000)
 Metaspace       used 82570K, committed 84224K, reserved 1179648K
  class space    used 8653K, committed 9408K, reserved 1048576K
}
Event: 8428.143 GC heap before
{Heap before GC invocations=1536 (full 3):
 PSYoungGen      total 4608K, used 4595K [0x00000000eab00000, 0x00000000eb100000, 0x0000000100000000)
  eden space 4096K, 100% used [0x00000000eab00000,0x00000000eaf00000,0x00000000eaf00000)
  from space 512K, 97% used [0x00000000eb080000,0x00000000eb0fcdf8,0x00000000eb100000)
  to   space 1024K, 0% used [0x00000000eaf00000,0x00000000eaf00000,0x00000000eb000000)
 ParOldGen       total 620032K, used 619615K [0x00000000c0000000, 0x00000000e5d80000, 0x00000000eab00000)
  object space 620032K, 99% used [0x00000000c0000000,0x00000000e5d17d68,0x00000000e5d80000)
 Metaspace       used 82570K, committed 84224K, reserved 1179648K
  class space    used 8653K, committed 9408K, reserved 1048576K
}
Event: 8428.145 GC heap after
{Heap after GC invocations=1536 (full 3):
 PSYoungGen      total 5120K, used 256K [0x00000000eab00000, 0x00000000eb100000, 0x0000000100000000)
  eden space 4096K, 0% used [0x00000000eab00000,0x00000000eab00000,0x00000000eaf00000)
  from space 1024K, 25% used [0x00000000eaf00000,0x00000000eaf40000,0x00000000eb000000)
  to   space 512K, 0% used [0x00000000eb080000,0x00000000eb080000,0x00000000eb100000)
 ParOldGen       total 620032K, used 619986K [0x00000000c0000000, 0x00000000e5d80000, 0x00000000eab00000)
  object space 620032K, 99% used [0x00000000c0000000,0x00000000e5d74950,0x00000000e5d80000)
 Metaspace       used 82570K, committed 84224K, reserved 1179648K
  class space    used 8653K, committed 9408K, reserved 1048576K
}
Event: 8428.159 GC heap before
{Heap before GC invocations=1537 (full 3):
 PSYoungGen      total 5120K, used 4352K [0x00000000eab00000, 0x00000000eb100000, 0x0000000100000000)
  eden space 4096K, 100% used [0x00000000eab00000,0x00000000eaf00000,0x00000000eaf00000)
  from space 1024K, 25% used [0x00000000eaf00000,0x00000000eaf40000,0x00000000eb000000)
  to   space 512K, 0% used [0x00000000eb080000,0x00000000eb080000,0x00000000eb100000)
 ParOldGen       total 620032K, used 619986K [0x00000000c0000000, 0x00000000e5d80000, 0x00000000eab00000)
  object space 620032K, 99% used [0x00000000c0000000,0x00000000e5d74950,0x00000000e5d80000)
 Metaspace       used 82570K, committed 84224K, reserved 1179648K
  class space    used 8653K, committed 9408K, reserved 1048576K
}
Event: 8428.161 GC heap after
{Heap after GC invocations=1537 (full 3):
 PSYoungGen      total 4608K, used 256K [0x00000000eab00000, 0x00000000eb100000, 0x0000000100000000)
  eden space 4096K, 0% used [0x00000000eab00000,0x00000000eab00000,0x00000000eaf00000)
  from space 512K, 50% used [0x00000000eb080000,0x00000000eb0c0000,0x00000000eb100000)
  to   space 512K, 0% used [0x00000000eb000000,0x00000000eb000000,0x00000000eb080000)
 ParOldGen       total 620544K, used 620194K [0x00000000c0000000, 0x00000000e5e00000, 0x00000000eab00000)
  object space 620544K, 99% used [0x00000000c0000000,0x00000000e5da8950,0x00000000e5e00000)
 Metaspace       used 82570K, committed 84224K, reserved 1179648K
  class space    used 8653K, committed 9408K, reserved 1048576K
}
Event: 8428.239 GC heap before
{Heap before GC invocations=1538 (full 3):
 PSYoungGen      total 4608K, used 4352K [0x00000000eab00000, 0x00000000eb100000, 0x0000000100000000)
  eden space 4096K, 100% used [0x00000000eab00000,0x00000000eaf00000,0x00000000eaf00000)
  from space 512K, 50% used [0x00000000eb080000,0x00000000eb0c0000,0x00000000eb100000)
  to   space 512K, 0% used [0x00000000eb000000,0x00000000eb000000,0x00000000eb080000)
 ParOldGen       total 620544K, used 620194K [0x00000000c0000000, 0x00000000e5e00000, 0x00000000eab00000)
  object space 620544K, 99% used [0x00000000c0000000,0x00000000e5da8950,0x00000000e5e00000)
 Metaspace       used 82570K, committed 84224K, reserved 1179648K
  class space    used 8653K, committed 9408K, reserved 1048576K
}
Event: 8428.242 GC heap after
{Heap after GC invocations=1538 (full 3):
 PSYoungGen      total 4608K, used 325K [0x00000000eab00000, 0x00000000eb100000, 0x0000000100000000)
  eden space 4096K, 0% used [0x00000000eab00000,0x00000000eab00000,0x00000000eaf00000)
  from space 512K, 63% used [0x00000000eb000000,0x00000000eb0516d0,0x00000000eb080000)
  to   space 512K, 0% used [0x00000000eb080000,0x00000000eb080000,0x00000000eb100000)
 ParOldGen       total 620544K, used 620322K [0x00000000c0000000, 0x00000000e5e00000, 0x00000000eab00000)
  object space 620544K, 99% used [0x00000000c0000000,0x00000000e5dc8950,0x00000000e5e00000)
 Metaspace       used 82570K, committed 84224K, reserved 1179648K
  class space    used 8653K, committed 9408K, reserved 1048576K
}

